
May 29, 2020 14:27:30.08 NEW SESSION
May 29, 2020 14:27:30.08 [32892:35760:0529/142730.086:ERROR:external_registry_loader_win.cc(153)] File path "C:\Program Files (x86)\Sony\Media Go\MediaGoDetector.crx" needs to be absolute in key Software\Google\Chrome\Extensions\ihenkjeihefokohmemphikjnjbmegdik
May 29, 2020 16:34:00.35 [27800:32740:0529/163400.352:ERROR:external_registry_loader_win.cc(153)] File path "C:\Program Files (x86)\Sony\Media Go\MediaGoDetector.crx" needs to be absolute in key Software\Google\Chrome\Extensions\ihenkjeihefokohmemphikjnjbmegdik
May 29, 2020 16:36:45.18 [18420:20080:0529/163645.182:ERROR:external_registry_loader_win.cc(153)] File path "C:\Program Files (x86)\Sony\Media Go\MediaGoDetector.crx" needs to be absolute in key Software\Google\Chrome\Extensions\ihenkjeihefokohmemphikjnjbmegdik
May 29, 2020 19:01:46.36 [18420:27004:0529/190146.358:ERROR:mcs_client.cc(755)] Received close command, resetting connection.
May 29, 2020 19:48:02.82 [18420:27004:0529/194802.820:ERROR:socket_stream.cc(218)] Closing stream with result -2
May 29, 2020 21:09:49.36 [18420:27004:0529/210949.364:ERROR:socket_stream.cc(218)] Closing stream with result -2
May 29, 2020 21:56:17.06 [18420:27004:0529/215617.064:ERROR:connection_factory_impl.cc(420)] Failed to connect to MCS endpoint with error -105
May 29, 2020 22:06:34.51 [18420:27004:0529/220634.516:ERROR:socket_stream.cc(218)] Closing stream with result -2
May 29, 2020 23:02:18.56 [18420:27004:0529/230218.567:ERROR:socket_stream.cc(218)] Closing stream with result -2
May 30, 2020 24:49:19.46 [18420:27004:0530/004919.463:ERROR:socket_stream.cc(218)] Closing stream with result -2
May 30, 2020 24:54:48.29 [18420:27004:0530/005447.334:ERROR:connection_factory_impl.cc(420)] Failed to connect to MCS endpoint with error -106
May 30, 2020 01:05:13.75 [18420:27004:0530/010513.757:ERROR:socket_stream.cc(218)] Closing stream with result -2
May 30, 2020 01:06:16.47 [18420:27004:0530/010616.474:ERROR:connection_factory_impl.cc(420)] Failed to connect to MCS endpoint with error -106
May 30, 2020 01:21:10.68 [18420:27004:0530/012110.684:ERROR:connection_factory_impl.cc(420)] Failed to connect to MCS endpoint with error -105
May 30, 2020 01:53:37.07 [18420:27004:0530/015337.078:ERROR:socket_stream.cc(218)] Closing stream with result -2
May 30, 2020 03:53:49.84 [18420:27004:0530/035349.844:ERROR:connection_factory_impl.cc(420)] Failed to connect to MCS endpoint with error -105
May 30, 2020 10:22:23.68 [18420:30132:0530/102223.688:ERROR:get_updates_processor.cc(258)] PostClientToServerMessage() failed during GetUpdates with error 2
May 30, 2020 10:22:23.87 [18420:30132:0530/102223.874:ERROR:get_updates_processor.cc(258)] PostClientToServerMessage() failed during GetUpdates with error 2
May 30, 2020 10:33:33.18 [18420:27004:0530/103333.188:ERROR:socket_stream.cc(218)] Closing stream with result -2
May 30, 2020 11:13:24.73 [14816:32808:0530/111324.731:ERROR:external_registry_loader_win.cc(153)] File path "C:\Program Files (x86)\Sony\Media Go\MediaGoDetector.crx" needs to be absolute in key Software\Google\Chrome\Extensions\ihenkjeihefokohmemphikjnjbmegdik
May 30, 2020 11:30:39.47 [14816:31852:0530/113039.471:ERROR:socket_stream.cc(218)] Closing stream with result -2
May 30, 2020 11:56:39.00 [6348:33540:0530/115639.004:ERROR:external_registry_loader_win.cc(153)] File path "C:\Program Files (x86)\Sony\Media Go\MediaGoDetector.crx" needs to be absolute in key Software\Google\Chrome\Extensions\ihenkjeihefokohmemphikjnjbmegdik
May 30, 2020 12:08:52.90 [6348:27600:0530/120852.901:ERROR:socket_stream.cc(218)] Closing stream with result -2
May 30, 2020 12:19:35.76 [6348:27600:0530/121935.760:ERROR:socket_stream.cc(218)] Closing stream with result -2
May 30, 2020 13:00:33.16 [6348:27600:0530/130033.163:ERROR:socket_stream.cc(218)] Closing stream with result -2
May 30, 2020 15:00:34.67 [6348:33832:0530/150034.674:ERROR:get_updates_processor.cc(258)] PostClientToServerMessage() failed during GetUpdates with error 2
May 30, 2020 15:00:34.73 [6348:33832:0530/150034.724:ERROR:get_updates_processor.cc(258)] PostClientToServerMessage() failed during GetUpdates with error 2
May 30, 2020 16:26:50.96 [6348:33832:0530/162650.961:ERROR:get_updates_processor.cc(258)] PostClientToServerMessage() failed during GetUpdates with error 2
May 30, 2020 16:26:51.72 [6348:33832:0530/162651.727:ERROR:get_updates_processor.cc(258)] PostClientToServerMessage() failed during GetUpdates with error 2
May 30, 2020 21:00:48.94 [6348:27600:0530/210048.939:ERROR:socket_stream.cc(218)] Closing stream with result -2
May 30, 2020 23:00:52.88 [6348:27600:0530/230052.820:ERROR:socket_stream.cc(218)] Closing stream with result -2
May 30, 2020 23:48:33.77 [6348:27600:0530/234833.777:ERROR:connection_factory_impl.cc(420)] Failed to connect to MCS endpoint with error -106
May 31, 2020 24:22:51.47 [6348:27600:0531/002251.474:ERROR:socket_stream.cc(218)] Closing stream with result -2
May 31, 2020 01:02:55.35 [6348:27600:0531/010255.354:ERROR:socket_stream.cc(218)] Closing stream with result -2
May 31, 2020 03:06:39.74 [6348:27600:0531/030639.741:ERROR:connection_factory_impl.cc(420)] Failed to connect to MCS endpoint with error -105
May 31, 2020 08:21:01.63 [6348:33832:0531/082101.558:ERROR:get_updates_processor.cc(258)] PostClientToServerMessage() failed during GetUpdates with error 2
May 31, 2020 10:02:10.10 [6348:27600:0531/100210.104:ERROR:socket_stream.cc(218)] Closing stream with result -2
May 31, 2020 12:02:17.67 [6348:27600:0531/120217.678:ERROR:connection_factory_impl.cc(420)] Failed to connect to MCS endpoint with error -7
May 31, 2020 12:29:27.60 [6348:33832:0531/122927.601:ERROR:get_updates_processor.cc(258)] PostClientToServerMessage() failed during GetUpdates with error 2
May 31, 2020 15:41:48.21 [6348:27600:0531/154148.209:ERROR:socket_stream.cc(218)] Closing stream with result -2
May 31, 2020 15:59:47.34 [6348:27600:0531/155947.348:ERROR:connection_factory_impl.cc(420)] Failed to connect to MCS endpoint with error -105
May 31, 2020 16:47:50.99 [6348:27600:0531/164750.990:ERROR:socket_stream.cc(218)] Closing stream with result -2
